XR_Project/Library/Bee/Android/Prj/IL2CPP/Gradle/launcher/build/intermediates/manifest_merge_blame_file/release/manifest-merger-blame-release-report.txt
1<?xml version="1.0" encoding="utf-8"?>
2<manifest xmlns:android="http://schemas.android.com/apk/res/android"
3    package="com.DefaultCompany.XR_Project"
4    android:installLocation="preferExternal"
5    android:versionCode="1"
6    android:versionName="0.1" >
7
8    <uses-sdk
9        android:minSdkVersion="26"
9-->src\main\AndroidManifest.xml
10        android:targetSdkVersion="30" />
10-->src\main\AndroidManifest.xml
11
12    <supports-screens
12-->src\main\AndroidManifest.xml:3:3-163
13        android:anyDensity="true"
13-->src\main\AndroidManifest.xml:3:135-160
14        android:largeScreens="true"
14-->src\main\AndroidManifest.xml:3:78-105
15        android:normalScreens="true"
15-->src\main\AndroidManifest.xml:3:49-77
16        android:smallScreens="true"
16-->src\main\AndroidManifest.xml:3:21-48
17        android:xlargeScreens="true" />
17-->src\main\AndroidManifest.xml:3:106-134
18
19    <uses-permission android:name="android.permission.ACCESS_NETWORK_STATE" />
19-->src\main\AndroidManifest.xml:7:3-77
19-->src\main\AndroidManifest.xml:7:20-74
20    <uses-permission android:name="android.permission.INTERNET" />
20-->src\main\AndroidManifest.xml:8:3-65
20-->src\main\AndroidManifest.xml:8:20-62
21
22    <uses-feature
22-->[:unityLibrary] AndroidManifest.xml:12:5-14:35
23        android:name="android.hardware.sensor.accelerometer"
23-->[:unityLibrary] AndroidManifest.xml:13:9-61
24        android:required="true" />
24-->[:unityLibrary] AndroidManifest.xml:14:9-32
25    <uses-feature
25-->[:unityLibrary] AndroidManifest.xml:15:5-17:35
26        android:name="android.hardware.sensor.gyroscope"
26-->[:unityLibrary] AndroidManifest.xml:16:9-57
27        android:required="true" />
27-->[:unityLibrary] AndroidManifest.xml:17:9-32
28    <uses-feature android:name="android.hardware.usb.host" />
28-->[:unityLibrary] AndroidManifest.xml:18:5-62
28-->[:unityLibrary] AndroidManifest.xml:18:19-59
29
30    <uses-permission android:name="android.permission.READ_EXTERNAL_STORAGE" />
30-->[:unityLibrary] AndroidManifest.xml:20:5-80
30-->[:unityLibrary] AndroidManifest.xml:20:22-77
31    <uses-permission android:name="android.permission.WRITE_EXTERNAL_STORAGE" />
31-->[:unityLibrary] AndroidManifest.xml:21:5-81
31-->[:unityLibrary] AndroidManifest.xml:21:22-78
32    <uses-permission android:name="android.permission.CAMERA" />
32-->[:unityLibrary] AndroidManifest.xml:22:5-65
32-->[:unityLibrary] AndroidManifest.xml:22:22-62
33    <uses-permission android:name="android.permission.RECORD_AUDIO" />
33-->[:unityLibrary] AndroidManifest.xml:23:5-71
33-->[:unityLibrary] AndroidManifest.xml:23:22-68
34
35    <uses-feature
35-->[:unityLibrary] AndroidManifest.xml:25:5-54
36        android:glEsVersion="0x00030000"
36-->[:unityLibrary] AndroidManifest.xml:25:19-51
37        android:required="true" />
37-->[:GfxPluginRokidXRLoader:] AndroidManifest.xml:18:9-32
38    <uses-feature
38-->[:unityLibrary] AndroidManifest.xml:29:5-31:36
39        android:name="android.hardware.touchscreen"
39-->[:unityLibrary] AndroidManifest.xml:30:9-52
40        android:required="false" />
40-->[:unityLibrary] AndroidManifest.xml:31:9-33
41    <uses-feature
41-->[:unityLibrary] AndroidManifest.xml:32:5-34:36
42        android:name="android.hardware.touchscreen.multitouch"
42-->[:unityLibrary] AndroidManifest.xml:33:9-63
43        android:required="false" />
43-->[:unityLibrary] AndroidManifest.xml:34:9-33
44    <uses-feature
44-->[:unityLibrary] AndroidManifest.xml:35:5-37:36
45        android:name="android.hardware.touchscreen.multitouch.distinct"
45-->[:unityLibrary] AndroidManifest.xml:36:9-72
46        android:required="false" />
46-->[:unityLibrary] AndroidManifest.xml:37:9-33
47
48    <queries>
48-->[com.rokid.uxrplugin:rkuxrplugin:2.3.12] AndroidManifest.xml:11:5-13:15
49        <package android:name="com.rokid.uxr.launcher" />
49-->[com.rokid.uxrplugin:rkuxrplugin:2.3.12] AndroidManifest.xml:12:9-58
49-->[com.rokid.uxrplugin:rkuxrplugin:2.3.12] AndroidManifest.xml:12:18-55
50
51        <intent>
51-->[com.rokid.mobile:thirdCloud:0.1.4] AndroidManifest.xml:13:9-15:18
52            <action android:name="com.rokid.mobile.account.api.service.ThirdCloudService" />
52-->[com.rokid.mobile:thirdCloud:0.1.4] AndroidManifest.xml:14:13-93
52-->[com.rokid.mobile:thirdCloud:0.1.4] AndroidManifest.xml:14:21-90
53        </intent>
54    </queries>
55
56    <uses-permission android:name="android.permission.FOREGROUND_SERVICE" />
56-->[com.rokid.uxrplugin:rkuxrplugin:2.3.12] AndroidManifest.xml:20:5-77
56-->[com.rokid.uxrplugin:rkuxrplugin:2.3.12] AndroidManifest.xml:20:22-74
57    <uses-permission android:name="android.permission.SYSTEM_ALERT_WINDOW" />
57-->[com.rokid.uxrplugin:rkuxrplugin:2.3.12] AndroidManifest.xml:21:5-78
57-->[com.rokid.uxrplugin:rkuxrplugin:2.3.12] AndroidManifest.xml:21:22-75
58    <uses-permission android:name="android.permission.VIBRATE" />
58-->[com.rokid.uxrplugin:rkuxrplugin:2.3.12] AndroidManifest.xml:23:5-66
58-->[com.rokid.uxrplugin:rkuxrplugin:2.3.12] AndroidManifest.xml:23:22-63
59    <uses-permission android:name="android.permission.WRITE_SETTINGS" />
59-->[:GfxPluginRokidXRLoader:] AndroidManifest.xml:21:5-23:47
59-->[:GfxPluginRokidXRLoader:] AndroidManifest.xml:22:9-57
60    <uses-permission android:name="android.permission.ACCESS_FINE_LOCATION" />
60-->[com.rokid.mrcplugin:mrcglassplugin:0.8.0] AndroidManifest.xml:9:5-79
60-->[com.rokid.mrcplugin:mrcglassplugin:0.8.0] AndroidManifest.xml:9:22-76
61    <uses-permission android:name="android.permission.ACCESS_COARSE_LOCATION" />
61-->[com.rokid.mrcplugin:mrcglassplugin:0.8.0] AndroidManifest.xml:10:5-81
61-->[com.rokid.mrcplugin:mrcglassplugin:0.8.0] AndroidManifest.xml:10:22-78
62    <uses-permission android:name="android.permission.CHANGE_NETWORK_STATE" />
62-->[com.rokid.mrcplugin:mrcglassplugin:0.8.0] AndroidManifest.xml:12:5-79
62-->[com.rokid.mrcplugin:mrcglassplugin:0.8.0] AndroidManifest.xml:12:22-76
63    <uses-permission android:name="android.permission.ACCESS_WIFI_STATE" />
63-->[com.rokid.mrcplugin:mrcglassplugin:0.8.0] AndroidManifest.xml:13:5-76
63-->[com.rokid.mrcplugin:mrcglassplugin:0.8.0] AndroidManifest.xml:13:22-73
64    <uses-permission android:name="android.permission.CHANGE_WIFI_STATE" />
64-->[com.rokid.mrcplugin:mrcglassplugin:0.8.0] AndroidManifest.xml:14:5-76
64-->[com.rokid.mrcplugin:mrcglassplugin:0.8.0] AndroidManifest.xml:14:22-73
65
66    <application
66-->src\main\AndroidManifest.xml:4:3-6:17
67        android:appComponentFactory="android.support.v4.app.CoreComponentFactory"
67-->[com.android.support:support-compat:28.0.0] AndroidManifest.xml:22:18-91
68        android:extractNativeLibs="true"
68-->[:unityLibrary] AndroidManifest.xml:40:9-41
69        android:icon="@mipmap/app_icon"
69-->src\main\AndroidManifest.xml:4:49-80
70        android:label="@string/app_name"
70-->src\main\AndroidManifest.xml:4:16-48
71        android:requestLegacyExternalStorage="true"
71-->[:unityLibrary] AndroidManifest.xml:41:9-52
72        android:usesCleartextTraffic="true" >
72-->[com.rokid.uxrplugin:rkuxrplugin:2.3.12] AndroidManifest.xml:28:9-44
73        <meta-data
73-->src\main\AndroidManifest.xml:5:5-79
74            android:name="unity.builder"
74-->src\main\AndroidManifest.xml:5:16-44
75            android:value="\33260721568105" />
75-->src\main\AndroidManifest.xml:5:45-76
76
77        <activity
77-->[:unityLibrary] AndroidManifest.xml:42:9-62:20
78            android:name="com.rokid.uxrunityplugin.UXRActivity"
78-->[:unityLibrary] AndroidManifest.xml:43:13-64
79            android:configChanges="mcc|mnc|locale|touchscreen|keyboard|keyboardHidden|navigation|orientation|screenLayout|uiMode|screenSize|smallestScreenSize|fontScale|layoutDirection|density"
79-->[:unityLibrary] AndroidManifest.xml:44:13-194
80            android:hardwareAccelerated="true"
80-->[:unityLibrary] AndroidManifest.xml:45:13-47
81            android:launchMode="singleTask"
81-->[:unityLibrary] AndroidManifest.xml:46:13-44
82            android:resizeableActivity="false"
82-->[:unityLibrary] AndroidManifest.xml:47:13-47
83            android:screenOrientation="portrait"
83-->[:unityLibrary] AndroidManifest.xml:48:13-49
84            android:theme="@style/UnityThemeSelector" >
84-->[:unityLibrary] AndroidManifest.xml:49:13-54
85            <intent-filter>
85-->[:unityLibrary] AndroidManifest.xml:50:13-54:29
86                <action android:name="android.intent.action.MAIN" />
86-->[:unityLibrary] AndroidManifest.xml:51:17-69
86-->[:unityLibrary] AndroidManifest.xml:51:25-66
87
88                <category android:name="android.intent.category.LAUNCHER" />
88-->[:unityLibrary] AndroidManifest.xml:53:17-77
88-->[:unityLibrary] AndroidManifest.xml:53:27-74
89            </intent-filter>
90
91            <meta-data
91-->[:unityLibrary] AndroidManifest.xml:56:13-58:40
92                android:name="unityplayer.UnityActivity"
92-->[:unityLibrary] AndroidManifest.xml:57:17-57
93                android:value="true" />
93-->[:unityLibrary] AndroidManifest.xml:58:17-37
94            <meta-data
94-->[:unityLibrary] AndroidManifest.xml:59:13-61:40
95                android:name="android.notch_support"
95-->[:unityLibrary] AndroidManifest.xml:60:17-53
96                android:value="true" />
96-->[:unityLibrary] AndroidManifest.xml:61:17-37
97        </activity>
98
99        <meta-data
99-->[:unityLibrary] AndroidManifest.xml:64:9-66:33
100            android:name="unity.splash-mode"
100-->[:unityLibrary] AndroidManifest.xml:65:13-45
101            android:value="0" />
101-->[:unityLibrary] AndroidManifest.xml:66:13-30
102        <meta-data
102-->[:unityLibrary] AndroidManifest.xml:67:9-69:36
103            android:name="unity.splash-enable"
103-->[:unityLibrary] AndroidManifest.xml:68:13-47
104            android:value="True" />
104-->[:unityLibrary] AndroidManifest.xml:69:13-33
105        <meta-data
105-->[:unityLibrary] AndroidManifest.xml:70:9-72:36
106            android:name="unity.launch-fullscreen"
106-->[:unityLibrary] AndroidManifest.xml:71:13-51
107            android:value="True" />
107-->[:unityLibrary] AndroidManifest.xml:72:13-33
108        <meta-data
108-->[:unityLibrary] AndroidManifest.xml:73:9-75:37
109            android:name="unity.allow-resizable-window"
109-->[:unityLibrary] AndroidManifest.xml:74:13-56
110            android:value="False" />
110-->[:unityLibrary] AndroidManifest.xml:75:13-34
111        <meta-data
111-->[:unityLibrary] AndroidManifest.xml:76:9-78:50
112            android:name="notch.config"
112-->[:unityLibrary] AndroidManifest.xml:77:13-40
113            android:value="portrait|landscape" />
113-->[:unityLibrary] AndroidManifest.xml:78:13-47
114
115        <uses-library
115-->[com.rokid.uxrplugin:rkuxrplugin:2.3.12] AndroidManifest.xml:29:9-31:40
116            android:name="libMNN.so"
116-->[com.rokid.uxrplugin:rkuxrplugin:2.3.12] AndroidManifest.xml:30:13-37
117            android:required="false" />
117-->[com.rokid.uxrplugin:rkuxrplugin:2.3.12] AndroidManifest.xml:31:13-37
118        <uses-library
118-->[com.rokid.uxrplugin:rkuxrplugin:2.3.12] AndroidManifest.xml:32:9-34:40
119            android:name="libcdsprpc.so"
119-->[com.rokid.uxrplugin:rkuxrplugin:2.3.12] AndroidManifest.xml:33:13-41
120            android:required="false" />
120-->[com.rokid.uxrplugin:rkuxrplugin:2.3.12] AndroidManifest.xml:34:13-37
121        <uses-library
121-->[com.rokid.uxrplugin:rkuxrplugin:2.3.12] AndroidManifest.xml:35:9-37:40
122            android:name="vendor.qti.hardware.dsp@1.0.so"
122-->[com.rokid.uxrplugin:rkuxrplugin:2.3.12] AndroidManifest.xml:36:13-58
123            android:required="false" />
123-->[com.rokid.uxrplugin:rkuxrplugin:2.3.12] AndroidManifest.xml:37:13-37
124        <uses-library
124-->[com.rokid.uxrplugin:rkuxrplugin:2.3.12] AndroidManifest.xml:38:9-40:40
125            android:name="libSnpeHtpPrepare.so"
125-->[com.rokid.uxrplugin:rkuxrplugin:2.3.12] AndroidManifest.xml:39:13-48
126            android:required="false" />
126-->[com.rokid.uxrplugin:rkuxrplugin:2.3.12] AndroidManifest.xml:40:13-37
127        <uses-library
127-->[com.rokid.uxrplugin:rkuxrplugin:2.3.12] AndroidManifest.xml:41:9-43:40
128            android:name="libSnpeHtpV68Skel.so"
128-->[com.rokid.uxrplugin:rkuxrplugin:2.3.12] AndroidManifest.xml:42:13-48
129            android:required="false" />
129-->[com.rokid.uxrplugin:rkuxrplugin:2.3.12] AndroidManifest.xml:43:13-37
130        <uses-library
130-->[com.rokid.uxrplugin:rkuxrplugin:2.3.12] AndroidManifest.xml:44:9-46:40
131            android:name="libSnpeHtpV68Stub.so"
131-->[com.rokid.uxrplugin:rkuxrplugin:2.3.12] AndroidManifest.xml:45:13-48
132            android:required="false" />
132-->[com.rokid.uxrplugin:rkuxrplugin:2.3.12] AndroidManifest.xml:46:13-37
133        <uses-library
133-->[com.rokid.uxrplugin:rkuxrplugin:2.3.12] AndroidManifest.xml:47:9-49:40
134            android:name="libSnpeHtpV69Skel.so"
134-->[com.rokid.uxrplugin:rkuxrplugin:2.3.12] AndroidManifest.xml:48:13-48
135            android:required="false" />
135-->[com.rokid.uxrplugin:rkuxrplugin:2.3.12] AndroidManifest.xml:49:13-37
136        <uses-library
136-->[com.rokid.uxrplugin:rkuxrplugin:2.3.12] AndroidManifest.xml:50:9-52:40
137            android:name="libSnpeHtpV69Stub.so"
137-->[com.rokid.uxrplugin:rkuxrplugin:2.3.12] AndroidManifest.xml:51:13-48
138            android:required="false" />
138-->[com.rokid.uxrplugin:rkuxrplugin:2.3.12] AndroidManifest.xml:52:13-37
139        <uses-library
139-->[com.rokid.uxrplugin:rkuxrplugin:2.3.12] AndroidManifest.xml:53:9-55:40
140            android:name="libc++_shared.so"
140-->[com.rokid.uxrplugin:rkuxrplugin:2.3.12] AndroidManifest.xml:54:13-44
141            android:required="false" />
141-->[com.rokid.uxrplugin:rkuxrplugin:2.3.12] AndroidManifest.xml:55:13-37
142        <uses-library
142-->[com.rokid.uxrplugin:rkuxrplugin:2.3.12] AndroidManifest.xml:56:9-58:40
143            android:name="libhta.so"
143-->[com.rokid.uxrplugin:rkuxrplugin:2.3.12] AndroidManifest.xml:57:13-37
144            android:required="false" />
144-->[com.rokid.uxrplugin:rkuxrplugin:2.3.12] AndroidManifest.xml:58:13-37
145        <uses-library
145-->[com.rokid.uxrplugin:rkuxrplugin:2.3.12] AndroidManifest.xml:59:9-61:40
146            android:name="librokid_gesture_3d.so"
146-->[com.rokid.uxrplugin:rkuxrplugin:2.3.12] AndroidManifest.xml:60:13-50
147            android:required="false" />
147-->[com.rokid.uxrplugin:rkuxrplugin:2.3.12] AndroidManifest.xml:61:13-37
148        <uses-library
148-->[com.rokid.uxrplugin:rkuxrplugin:2.3.12] AndroidManifest.xml:62:9-64:40
149            android:name="libsnpe_dsp_domains_v2.so"
149-->[com.rokid.uxrplugin:rkuxrplugin:2.3.12] AndroidManifest.xml:63:13-53
150            android:required="false" />
150-->[com.rokid.uxrplugin:rkuxrplugin:2.3.12] AndroidManifest.xml:64:13-37
151        <uses-library
151-->[com.rokid.uxrplugin:rkuxrplugin:2.3.12] AndroidManifest.xml:65:9-67:40
152            android:name="libsnpe_dsp_domains_v3.so"
152-->[com.rokid.uxrplugin:rkuxrplugin:2.3.12] AndroidManifest.xml:66:13-53
153            android:required="false" />
153-->[com.rokid.uxrplugin:rkuxrplugin:2.3.12] AndroidManifest.xml:67:13-37
154        <uses-library
154-->[com.rokid.uxrplugin:rkuxrplugin:2.3.12] AndroidManifest.xml:68:9-70:40
155            android:name="libsnpe_dsp_v65_domains_v2_skel.so"
155-->[com.rokid.uxrplugin:rkuxrplugin:2.3.12] AndroidManifest.xml:69:13-62
156            android:required="false" />
156-->[com.rokid.uxrplugin:rkuxrplugin:2.3.12] AndroidManifest.xml:70:13-37
157        <uses-library
157-->[com.rokid.uxrplugin:rkuxrplugin:2.3.12] AndroidManifest.xml:71:9-73:40
158            android:name="libsnpe_dsp_v66_domains_v2_skel.so"
158-->[com.rokid.uxrplugin:rkuxrplugin:2.3.12] AndroidManifest.xml:72:13-62
159            android:required="false" />
159-->[com.rokid.uxrplugin:rkuxrplugin:2.3.12] AndroidManifest.xml:73:13-37
160
161        <meta-data
161-->[com.rokid.uxrplugin:rkuxrplugin:2.3.12] AndroidManifest.xml:75:9-77:37
162            android:name="com.rokid.uxr.sdk.version"
162-->[com.rokid.uxrplugin:rkuxrplugin:2.3.12] AndroidManifest.xml:76:13-53
163            android:value="20312" />
163-->[com.rokid.uxrplugin:rkuxrplugin:2.3.12] AndroidManifest.xml:77:13-34
164        <meta-data
164-->[com.rokid.uxrplugin:rkuxrplugin:2.3.12] AndroidManifest.xml:78:9-80:35
165            android:name="com.rokid.sdk"
165-->[com.rokid.uxrplugin:rkuxrplugin:2.3.12] AndroidManifest.xml:79:13-41
166            android:value="uxr" />
166-->[com.rokid.uxrplugin:rkuxrplugin:2.3.12] AndroidManifest.xml:80:13-32
167        <meta-data
167-->[com.rokid.uxrplugin:rkuxrplugin:2.3.12] AndroidManifest.xml:81:9-83:34
168            android:name="com.rokid.uxr.application.mode"
168-->[com.rokid.uxrplugin:rkuxrplugin:2.3.12] AndroidManifest.xml:82:13-58
169            android:value="3d" />
169-->[com.rokid.uxrplugin:rkuxrplugin:2.3.12] AndroidManifest.xml:83:13-31
170        <meta-data
170-->[com.rokid.uxrplugin:rkuxrplugin:2.3.12] AndroidManifest.xml:84:9-86:36
171            android:name="android.allow_multiple_resumed_activities"
171-->[com.rokid.uxrplugin:rkuxrplugin:2.3.12] AndroidManifest.xml:85:13-69
172            android:value="true" /> <!-- 用于提权的前台进程 -->
172-->[com.rokid.uxrplugin:rkuxrplugin:2.3.12] AndroidManifest.xml:86:13-33
173        <service
173-->[com.rokid.uxrplugin:rkuxrplugin:2.3.12] AndroidManifest.xml:89:9-92:39
174            android:name="com.rokid.uxrunityplugin.ForegroundService"
174-->[com.rokid.uxrplugin:rkuxrplugin:2.3.12] AndroidManifest.xml:90:13-70
175            android:enabled="true"
175-->[com.rokid.uxrplugin:rkuxrplugin:2.3.12] AndroidManifest.xml:91:13-35
176            android:exported="true" />
176-->[com.rokid.uxrplugin:rkuxrplugin:2.3.12] AndroidManifest.xml:92:13-36
177        <service
177-->[com.rokid.uxrplugin:rkuxrplugin:2.3.12] AndroidManifest.xml:93:9-95:40
178            android:name="com.rokid.uxr.screenprojection.service.LocalService"
178-->[com.rokid.uxrplugin:rkuxrplugin:2.3.12] AndroidManifest.xml:94:13-79
179            android:exported="false" />
179-->[com.rokid.uxrplugin:rkuxrplugin:2.3.12] AndroidManifest.xml:95:13-37
180    </application>
181
182</manifest>